Started GET "/" for ::1 at 2021-07-14 15:27:44 +0900
  [1m[35m (7.3ms)[0m  [1m[34mSELECT sqlite_version(*)[0m
Processing by Rails::WelcomeController#index as HTML
  Rendering C:/Ruby26-x64/lib/ruby/gems/2.6.0/gems/railties-6.1.4/lib/rails/templates/rails/welcome/index.html.erb
  Rendered C:/Ruby26-x64/lib/ruby/gems/2.6.0/gems/railties-6.1.4/lib/rails/templates/rails/welcome/index.html.erb (Duration: 13.9ms | Allocations: 517)
Completed 200 OK in 79ms (Views: 37.9ms | ActiveRecord: 0.0ms | Allocations: 4421)


Started GET "/home/top" for ::1 at 2021-07-14 15:34:26 +0900
  [1m[35m (0.5ms)[0m  [1m[34mSELECT sqlite_version(*)[0m
Processing by HomeController#top as HTML
  Rendering layout layouts/application.html.erb
  Rendering home/top.html.erb within layouts/application
  Rendered home/top.html.erb within layouts/application (Duration: 0.8ms | Allocations: 237)
[Webpacker] Compiling...
[Webpacker] Compiled all packs in E:/work/english_word/public/packs
[Webpacker] Though the "loose" option was set to "false" in your @babel/preset-env config, it will not be used for @babel/plugin-proposal-private-methods since the "loose" mode option was set to "true" for @babel/plugin-proposal-class-properties.
The "loose" option must be the same for @babel/plugin-proposal-class-properties, @babel/plugin-proposal-private-methods and @babel/plugin-proposal-private-property-in-object (when they are enabled): you can silence this warning by explicitly adding
	["@babel/plugin-proposal-private-methods", { "loose": true }]
to the "plugins" section of your Babel config.
Though the "loose" option was set to "false" in your @babel/preset-env config, it will not be used for @babel/plugin-proposal-private-methods since the "loose" mode option was set to "true" for @babel/plugin-proposal-class-properties.
The "loose" option must be the same for @babel/plugin-proposal-class-properties, @babel/plugin-proposal-private-methods and @babel/plugin-proposal-private-property-in-object (when they are enabled): you can silence this warning by explicitly adding
	["@babel/plugin-proposal-private-methods", { "loose": true }]
to the "plugins" section of your Babel config.
Though the "loose" option was set to "false" in your @babel/preset-env config, it will not be used for @babel/plugin-proposal-private-methods since the "loose" mode option was set to "true" for @babel/plugin-proposal-class-properties.
The "loose" option must be the same for @babel/plugin-proposal-class-properties, @babel/plugin-proposal-private-methods and @babel/plugin-proposal-private-property-in-object (when they are enabled): you can silence this warning by explicitly adding
	["@babel/plugin-proposal-private-methods", { "loose": true }]
to the "plugins" section of your Babel config.
Though the "loose" option was set to "false" in your @babel/preset-env config, it will not be used for @babel/plugin-proposal-private-methods since the "loose" mode option was set to "true" for @babel/plugin-proposal-class-properties.
The "loose" option must be the same for @babel/plugin-proposal-class-properties, @babel/plugin-proposal-private-methods and @babel/plugin-proposal-private-property-in-object (when they are enabled): you can silence this warning by explicitly adding
	["@babel/plugin-proposal-private-methods", { "loose": true }]
to the "plugins" section of your Babel config.
Though the "loose" option was set to "false" in your @babel/preset-env config, it will not be used for @babel/plugin-proposal-private-methods since the "loose" mode option was set to "true" for @babel/plugin-proposal-class-properties.
The "loose" option must be the same for @babel/plugin-proposal-class-properties, @babel/plugin-proposal-private-methods and @babel/plugin-proposal-private-property-in-object (when they are enabled): you can silence this warning by explicitly adding
	["@babel/plugin-proposal-private-methods", { "loose": true }]
to the "plugins" section of your Babel config.
Though the "loose" option was set to "false" in your @babel/preset-env config, it will not be used for @babel/plugin-proposal-private-methods since the "loose" mode option was set to "true" for @babel/plugin-proposal-class-properties.
The "loose" option must be the same for @babel/plugin-proposal-class-properties, @babel/plugin-proposal-private-methods and @babel/plugin-proposal-private-property-in-object (when they are enabled): you can silence this warning by explicitly adding
	["@babel/plugin-proposal-private-methods", { "loose": true }]
to the "plugins" section of your Babel config.

[Webpacker] Hash: e2a8a876c5815bee1e21
Version: webpack 4.46.0
Time: 3087ms
Built at: 2021/07/14 15:34:34
                                     Asset       Size       Chunks                         Chunk Names
    js/application-e421b4aa3f716bebdab1.js    125 KiB  application  [emitted] [immutable]  application
js/application-e421b4aa3f716bebdab1.js.map    139 KiB  application  [emitted] [dev]        application
                             manifest.json  364 bytes               [emitted]              
Entrypoint application = js/application-e421b4aa3f716bebdab1.js js/application-e421b4aa3f716bebdab1.js.map
[./app/javascript/channels sync recursive _channel\.js$] ./app/javascript/channels sync _channel\.js$ 160 bytes {application} [built]
[./app/javascript/channels/index.js] 211 bytes {application} [built]
[./app/javascript/packs/application.js] 492 bytes {application} [built]
[./node_modules/webpack/buildin/module.js] (webpack)/buildin/module.js 552 bytes {application} [built]
    + 3 hidden modules

  Rendered layout layouts/application.html.erb (Duration: 8513.2ms | Allocations: 19995)
Completed 200 OK in 8531ms (Views: 8519.6ms | ActiveRecord: 0.0ms | Allocations: 22855)


Started GET "/" for ::1 at 2021-07-14 15:37:29 +0900
Processing by Rails::WelcomeController#index as HTML
  Rendering C:/Ruby26-x64/lib/ruby/gems/2.6.0/gems/railties-6.1.4/lib/rails/templates/rails/welcome/index.html.erb
  Rendered C:/Ruby26-x64/lib/ruby/gems/2.6.0/gems/railties-6.1.4/lib/rails/templates/rails/welcome/index.html.erb (Duration: 4.7ms | Allocations: 234)
Completed 200 OK in 18ms (Views: 15.7ms | ActiveRecord: 0.0ms | Allocations: 1025)


Started GET "/home/top" for ::1 at 2021-07-14 15:37:42 +0900
Processing by HomeController#top as HTML
  Rendering layout layouts/application.html.erb
  Rendering home/top.html.erb within layouts/application
  Rendered home/top.html.erb within layouts/application (Duration: 4.5ms | Allocations: 119)
[Webpacker] Everything's up-to-date. Nothing to do
  Rendered layout layouts/application.html.erb (Duration: 48.5ms | Allocations: 4279)
Completed 200 OK in 58ms (Views: 55.3ms | ActiveRecord: 0.0ms | Allocations: 5480)


Started GET "/home/top" for ::1 at 2021-07-14 15:43:57 +0900
  
ArgumentError (Missing :controller key on routes definition, please check your routes.):
  
config/routes.rb:2:in `block in <main>'
config/routes.rb:1:in `<main>'
Started GET "/top" for ::1 at 2021-07-14 15:44:08 +0900
  
ActionController::RoutingError (No route matches [GET] "/top"):
  
Started GET "/about" for ::1 at 2021-07-14 15:53:06 +0900
  [1m[35m (0.5ms)[0m  [1m[34mSELECT sqlite_version(*)[0m
  
ActionController::RoutingError (No route matches [GET] "/about"):
  
Started GET "/home/about" for ::1 at 2021-07-14 15:53:20 +0900
  
ActionController::RoutingError (No route matches [GET] "/home/about"):
  
Started GET "/home/about" for ::1 at 2021-07-14 15:55:21 +0900
  
ActionController::RoutingError (No route matches [GET] "/home/about"):
  
Started GET "/home/about" for ::1 at 2021-07-14 15:55:21 +0900
  
ActionController::RoutingError (No route matches [GET] "/home/about"):
  
Started GET "/home/about" for ::1 at 2021-07-14 15:55:22 +0900
  
ActionController::RoutingError (No route matches [GET] "/home/about"):
  
Started GET "/home/about" for ::1 at 2021-07-14 15:55:22 +0900
  
ActionController::RoutingError (No route matches [GET] "/home/about"):
  
Started GET "/home/about" for ::1 at 2021-07-14 15:55:23 +0900
  
ActionController::RoutingError (No route matches [GET] "/home/about"):
  
Started GET "/home/about" for ::1 at 2021-07-14 15:55:23 +0900
  
ActionController::RoutingError (No route matches [GET] "/home/about"):
  
Started GET "/home/about" for ::1 at 2021-07-14 15:55:23 +0900
  
ActionController::RoutingError (No route matches [GET] "/home/about"):
  
Started GET "/home/about" for ::1 at 2021-07-14 15:55:23 +0900
  
ActionController::RoutingError (No route matches [GET] "/home/about"):
  
Started GET "/home/about" for ::1 at 2021-07-14 15:55:42 +0900
  [1m[35m (0.5ms)[0m  [1m[34mSELECT sqlite_version(*)[0m
  
ActionController::RoutingError (No route matches [GET] "/home/about"):
  
Started GET "/home/about" for ::1 at 2021-07-14 15:55:43 +0900
  
ActionController::RoutingError (No route matches [GET] "/home/about"):
  
Started GET "/home/about" for ::1 at 2021-07-14 15:55:43 +0900
  
ActionController::RoutingError (No route matches [GET] "/home/about"):
  
Started GET "/home/about" for ::1 at 2021-07-14 15:55:44 +0900
  
ActionController::RoutingError (No route matches [GET] "/home/about"):
  
Started GET "/about" for ::1 at 2021-07-14 15:55:51 +0900
Processing by HomeController#about as HTML
  Rendering layout layouts/application.html.erb
  Rendering home/about.html.erb within layouts/application
  Rendered home/about.html.erb within layouts/application (Duration: 5.0ms | Allocations: 121)
[Webpacker] Everything's up-to-date. Nothing to do
  Rendered layout layouts/application.html.erb (Duration: 80.0ms | Allocations: 6850)
Completed 200 OK in 94ms (Views: 86.2ms | ActiveRecord: 0.0ms | Allocations: 9084)


Started GET "/about" for ::1 at 2021-07-14 16:00:45 +0900
Processing by HomeController#about as HTML
  Rendering layout layouts/application.html.erb
  Rendering home/about.html.erb within layouts/application
  Rendered home/about.html.erb within layouts/application (Duration: 0.1ms | Allocations: 35)
[Webpacker] Everything's up-to-date. Nothing to do
  Rendered layout layouts/application.html.erb (Duration: 58.0ms | Allocations: 4000)
Completed 200 OK in 60ms (Views: 59.6ms | ActiveRecord: 0.0ms | Allocations: 4493)


Started GET "/about" for ::1 at 2021-07-14 16:09:02 +0900
Processing by HomeController#about as HTML
  Rendering layout layouts/application.html.erb
  Rendering home/about.html.erb within layouts/application
  Rendered home/about.html.erb within layouts/application (Duration: 4.8ms | Allocations: 128)
[Webpacker] Everything's up-to-date. Nothing to do
  Rendered layout layouts/application.html.erb (Duration: 142.8ms | Allocations: 13321)
Completed 200 OK in 156ms (Views: 152.7ms | Allocations: 14569)


Started GET "/about" for ::1 at 2021-07-14 16:17:34 +0900
Processing by HomeController#about as HTML
  Rendering layout layouts/application.html.erb
  Rendering home/about.html.erb within layouts/application
  Rendered home/about.html.erb within layouts/application (Duration: 4.6ms | Allocations: 129)
[Webpacker] Everything's up-to-date. Nothing to do
  Rendered layout layouts/application.html.erb (Duration: 99.3ms | Allocations: 13125)
Completed 200 OK in 108ms (Views: 105.5ms | Allocations: 14374)


Started GET "/about" for ::1 at 2021-07-14 16:17:36 +0900
Processing by HomeController#about as HTML
  Rendering layout layouts/application.html.erb
  Rendering home/about.html.erb within layouts/application
  Rendered home/about.html.erb within layouts/application (Duration: 0.1ms | Allocations: 35)
[Webpacker] Everything's up-to-date. Nothing to do
  Rendered layout layouts/application.html.erb (Duration: 45.1ms | Allocations: 4040)
Completed 200 OK in 47ms (Views: 46.6ms | Allocations: 4532)


Started GET "/about" for ::1 at 2021-07-14 16:18:26 +0900
Processing by HomeController#about as HTML
  Rendering layout layouts/application.html.erb
  Rendering home/about.html.erb within layouts/application
  Rendered home/about.html.erb within layouts/application (Duration: 5.3ms | Allocations: 124)
[Webpacker] Everything's up-to-date. Nothing to do
  Rendered layout layouts/application.html.erb (Duration: 98.1ms | Allocations: 13596)
Completed 200 OK in 107ms (Views: 104.9ms | Allocations: 14840)


Started GET "/about" for ::1 at 2021-07-14 16:18:27 +0900
Processing by HomeController#about as HTML
  Rendering layout layouts/application.html.erb
  Rendering home/about.html.erb within layouts/application
  Rendered home/about.html.erb within layouts/application (Duration: 0.1ms | Allocations: 35)
[Webpacker] Everything's up-to-date. Nothing to do
  Rendered layout layouts/application.html.erb (Duration: 53.4ms | Allocations: 4039)
Completed 200 OK in 56ms (Views: 55.2ms | Allocations: 4531)


Started GET "/about" for ::1 at 2021-07-14 16:18:27 +0900
Processing by HomeController#about as HTML
  Rendering layout layouts/application.html.erb
  Rendering home/about.html.erb within layouts/application
  Rendered home/about.html.erb within layouts/application (Duration: 0.1ms | Allocations: 35)
[Webpacker] Everything's up-to-date. Nothing to do
  Rendered layout layouts/application.html.erb (Duration: 72.9ms | Allocations: 4040)
Completed 200 OK in 76ms (Views: 75.4ms | Allocations: 4531)


Started GET "/about" for ::1 at 2021-07-14 16:20:18 +0900
Processing by HomeController#about as HTML
  Rendering layout layouts/application.html.erb
  Rendering home/about.html.erb within layouts/application
  Rendered home/about.html.erb within layouts/application (Duration: 0.1ms | Allocations: 35)
[Webpacker] Everything's up-to-date. Nothing to do
  Rendered layout layouts/application.html.erb (Duration: 101.5ms | Allocations: 14228)
Completed 200 OK in 108ms (Views: 107.7ms | Allocations: 14719)


Started GET "/about" for ::1 at 2021-07-14 16:20:19 +0900
Processing by HomeController#about as HTML
  Rendering layout layouts/application.html.erb
  Rendering home/about.html.erb within layouts/application
  Rendered home/about.html.erb within layouts/application (Duration: 0.1ms | Allocations: 35)
[Webpacker] Everything's up-to-date. Nothing to do
  Rendered layout layouts/application.html.erb (Duration: 55.9ms | Allocations: 4039)
Completed 200 OK in 58ms (Views: 57.8ms | Allocations: 4530)


Started GET "/about" for ::1 at 2021-07-14 16:20:20 +0900
Processing by HomeController#about as HTML
  Rendering layout layouts/application.html.erb
  Rendering home/about.html.erb within layouts/application
  Rendered home/about.html.erb within layouts/application (Duration: 0.1ms | Allocations: 35)
[Webpacker] Everything's up-to-date. Nothing to do
  Rendered layout layouts/application.html.erb (Duration: 44.8ms | Allocations: 4039)
Completed 200 OK in 47ms (Views: 46.2ms | Allocations: 4530)


Started GET "/about" for ::1 at 2021-07-14 16:20:21 +0900
Processing by HomeController#about as HTML
  Rendering layout layouts/application.html.erb
  Rendering home/about.html.erb within layouts/application
  Rendered home/about.html.erb within layouts/application (Duration: 0.1ms | Allocations: 35)
[Webpacker] Everything's up-to-date. Nothing to do
  Rendered layout layouts/application.html.erb (Duration: 58.3ms | Allocations: 4039)
Completed 200 OK in 60ms (Views: 59.8ms | Allocations: 4530)


Started GET "/about" for ::1 at 2021-07-14 16:20:59 +0900
Processing by HomeController#about as HTML
  Rendering layout layouts/application.html.erb
  Rendering home/about.html.erb within layouts/application
  Rendered home/about.html.erb within layouts/application (Duration: 4.4ms | Allocations: 132)
[Webpacker] Everything's up-to-date. Nothing to do
  Rendered layout layouts/application.html.erb (Duration: 61.6ms | Allocations: 4315)
Completed 200 OK in 69ms (Views: 66.9ms | Allocations: 5563)


Started GET "/about" for ::1 at 2021-07-14 16:21:01 +0900
Processing by HomeController#about as HTML
  Rendering layout layouts/application.html.erb
  Rendering home/about.html.erb within layouts/application
  Rendered home/about.html.erb within layouts/application (Duration: 0.1ms | Allocations: 35)
[Webpacker] Everything's up-to-date. Nothing to do
  Rendered layout layouts/application.html.erb (Duration: 43.6ms | Allocations: 4040)
Completed 200 OK in 46ms (Views: 45.1ms | Allocations: 4532)


Started GET "/about" for ::1 at 2021-07-14 16:21:16 +0900
Processing by HomeController#about as HTML
  Rendering layout layouts/application.html.erb
  Rendering home/about.html.erb within layouts/application
  Rendered home/about.html.erb within layouts/application (Duration: 5.4ms | Allocations: 131)
[Webpacker] Everything's up-to-date. Nothing to do
  Rendered layout layouts/application.html.erb (Duration: 49.6ms | Allocations: 4314)
Completed 200 OK in 58ms (Views: 55.8ms | Allocations: 5562)


Started GET "/about" for ::1 at 2021-07-14 16:21:16 +0900
Processing by HomeController#about as HTML
  Rendering layout layouts/application.html.erb
  Rendering home/about.html.erb within layouts/application
  Rendered home/about.html.erb within layouts/application (Duration: 0.4ms | Allocations: 35)
[Webpacker] Everything's up-to-date. Nothing to do
  Rendered layout layouts/application.html.erb (Duration: 45.6ms | Allocations: 4039)
Completed 200 OK in 48ms (Views: 47.1ms | Allocations: 4531)


Started GET "/about" for ::1 at 2021-07-14 16:21:17 +0900
Processing by HomeController#about as HTML
  Rendering layout layouts/application.html.erb
  Rendering home/about.html.erb within layouts/application
  Rendered home/about.html.erb within layouts/application (Duration: 0.2ms | Allocations: 35)
[Webpacker] Everything's up-to-date. Nothing to do
  Rendered layout layouts/application.html.erb (Duration: 57.6ms | Allocations: 4039)
Completed 200 OK in 61ms (Views: 60.5ms | Allocations: 4530)


Started GET "/about" for ::1 at 2021-07-14 16:21:17 +0900
Processing by HomeController#about as HTML
  Rendering layout layouts/application.html.erb
  Rendering home/about.html.erb within layouts/application
  Rendered home/about.html.erb within layouts/application (Duration: 0.1ms | Allocations: 35)
[Webpacker] Everything's up-to-date. Nothing to do
  Rendered layout layouts/application.html.erb (Duration: 48.3ms | Allocations: 4040)
Completed 200 OK in 57ms (Views: 56.3ms | Allocations: 4531)


Started GET "/about" for ::1 at 2021-07-14 16:21:17 +0900
Processing by HomeController#about as HTML
  Rendering layout layouts/application.html.erb
  Rendering home/about.html.erb within layouts/application
  Rendered home/about.html.erb within layouts/application (Duration: 0.1ms | Allocations: 35)
[Webpacker] Everything's up-to-date. Nothing to do
  Rendered layout layouts/application.html.erb (Duration: 55.0ms | Allocations: 4238)
Completed 200 OK in 57ms (Views: 56.6ms | Allocations: 4729)


Started GET "/about" for ::1 at 2021-07-14 16:22:52 +0900
Processing by HomeController#about as HTML
  Rendering layout layouts/application.html.erb
  Rendering home/about.html.erb within layouts/application
  Rendered home/about.html.erb within layouts/application (Duration: 0.1ms | Allocations: 35)
[Webpacker] Everything's up-to-date. Nothing to do
  Rendered layout layouts/application.html.erb (Duration: 57.1ms | Allocations: 4082)
Completed 200 OK in 59ms (Views: 58.6ms | Allocations: 4573)


Started GET "/about" for ::1 at 2021-07-14 16:22:53 +0900
Processing by HomeController#about as HTML
  Rendering layout layouts/application.html.erb
  Rendering home/about.html.erb within layouts/application
  Rendered home/about.html.erb within layouts/application (Duration: 0.1ms | Allocations: 35)
[Webpacker] Everything's up-to-date. Nothing to do
  Rendered layout layouts/application.html.erb (Duration: 57.4ms | Allocations: 4039)
Completed 200 OK in 59ms (Views: 58.9ms | Allocations: 4530)


Started GET "/about" for ::1 at 2021-07-14 16:22:53 +0900
Processing by HomeController#about as HTML
  Rendering layout layouts/application.html.erb
  Rendering home/about.html.erb within layouts/application
  Rendered home/about.html.erb within layouts/application (Duration: 0.2ms | Allocations: 35)
[Webpacker] Everything's up-to-date. Nothing to do
  Rendered layout layouts/application.html.erb (Duration: 56.9ms | Allocations: 4623)
Completed 200 OK in 60ms (Views: 59.6ms | Allocations: 5131)


Started GET "/about" for ::1 at 2021-07-14 16:22:53 +0900
Processing by HomeController#about as HTML
  Rendering layout layouts/application.html.erb
  Rendering home/about.html.erb within layouts/application
  Rendered home/about.html.erb within layouts/application (Duration: 0.1ms | Allocations: 35)
[Webpacker] Everything's up-to-date. Nothing to do
  Rendered layout layouts/application.html.erb (Duration: 60.3ms | Allocations: 7344)
Completed 200 OK in 63ms (Views: 62.1ms | Allocations: 7835)


Started GET "/about" for ::1 at 2021-07-14 16:25:47 +0900
Processing by HomeController#about as HTML
  Rendering layout layouts/application.html.erb
  Rendering home/about.html.erb within layouts/application
  Rendered home/about.html.erb within layouts/application (Duration: 0.1ms | Allocations: 35)
[Webpacker] Everything's up-to-date. Nothing to do
  Rendered layout layouts/application.html.erb (Duration: 74.5ms | Allocations: 4021)
Completed 200 OK in 78ms (Views: 77.2ms | Allocations: 4656)


Started GET "/" for ::1 at 2021-07-14 16:25:50 +0900
Processing by HomeController#top as HTML
  Rendering layout layouts/application.html.erb
  Rendering home/top.html.erb within layouts/application
  Rendered home/top.html.erb within layouts/application (Duration: 4.5ms | Allocations: 130)
[Webpacker] Everything's up-to-date. Nothing to do
  Rendered layout layouts/application.html.erb (Duration: 73.8ms | Allocations: 4136)
Completed 200 OK in 77ms (Views: 74.9ms | Allocations: 4766)


Started GET "/" for ::1 at 2021-07-14 16:31:51 +0900
Processing by HomeController#top as HTML
  Rendering layout layouts/application.html.erb
  Rendering home/top.html.erb within layouts/application
  Rendered home/top.html.erb within layouts/application (Duration: 0.5ms | Allocations: 127)
[Webpacker] Everything's up-to-date. Nothing to do
  Rendered layout layouts/application.html.erb (Duration: 97.6ms | Allocations: 14040)
Completed 200 OK in 106ms (Views: 104.1ms | Allocations: 15288)


Started GET "/" for ::1 at 2021-07-14 16:32:59 +0900
Processing by HomeController#top as HTML
  Rendering layout layouts/application.html.erb
  Rendering home/top.html.erb within layouts/application
  Rendered home/top.html.erb within layouts/application (Duration: 4.4ms | Allocations: 123)
[Webpacker] Everything's up-to-date. Nothing to do
  Rendered layout layouts/application.html.erb (Duration: 52.6ms | Allocations: 4306)
Completed 200 OK in 60ms (Views: 58.0ms | Allocations: 5549)


Started GET "/about" for ::1 at 2021-07-14 16:33:00 +0900
Processing by HomeController#about as HTML
  Rendering layout layouts/application.html.erb
  Rendering home/about.html.erb within layouts/application
  Rendered home/about.html.erb within layouts/application (Duration: 4.6ms | Allocations: 126)
[Webpacker] Everything's up-to-date. Nothing to do
  Rendered layout layouts/application.html.erb (Duration: 58.6ms | Allocations: 4132)
Completed 200 OK in 62ms (Views: 59.8ms | Allocations: 4769)


Started GET "/" for ::1 at 2021-07-14 16:33:02 +0900
Processing by HomeController#top as HTML
  Rendering layout layouts/application.html.erb
  Rendering home/top.html.erb within layouts/application
  Rendered home/top.html.erb within layouts/application (Duration: 0.1ms | Allocations: 35)
[Webpacker] Everything's up-to-date. Nothing to do
  Rendered layout layouts/application.html.erb (Duration: 53.3ms | Allocations: 4039)
Completed 200 OK in 59ms (Views: 58.0ms | Allocations: 4537)


Started GET "/about" for ::1 at 2021-07-14 16:33:03 +0900
Processing by HomeController#about as HTML
  Rendering layout layouts/application.html.erb
  Rendering home/about.html.erb within layouts/application
  Rendered home/about.html.erb within layouts/application (Duration: 0.1ms | Allocations: 35)
[Webpacker] Everything's up-to-date. Nothing to do
  Rendered layout layouts/application.html.erb (Duration: 43.8ms | Allocations: 4039)
Completed 200 OK in 46ms (Views: 45.6ms | Allocations: 4536)


Started GET "/" for ::1 at 2021-07-14 16:33:15 +0900
Processing by HomeController#top as HTML
  Rendering layout layouts/application.html.erb
  Rendering home/top.html.erb within layouts/application
  Rendered home/top.html.erb within layouts/application (Duration: 0.1ms | Allocations: 35)
[Webpacker] Everything's up-to-date. Nothing to do
  Rendered layout layouts/application.html.erb (Duration: 44.9ms | Allocations: 4039)
Completed 200 OK in 59ms (Views: 58.0ms | Allocations: 4536)


Started GET "/" for ::1 at 2021-07-15 09:58:49 +0900
Processing by HomeController#top as HTML
  Rendering layout layouts/application.html.erb
  Rendering home/top.html.erb within layouts/application
  Rendered home/top.html.erb within layouts/application (Duration: 0.1ms | Allocations: 35)
[Webpacker] Everything's up-to-date. Nothing to do
  Rendered layout layouts/application.html.erb (Duration: 141.5ms | Allocations: 4040)
Completed 200 OK in 150ms (Views: 142.2ms | Allocations: 4531)


Started GET "/posts/index" for ::1 at 2021-07-15 14:27:26 +0900
  [1m[35m (9.3ms)[0m  [1m[34mSELECT sqlite_version(*)[0m
Processing by PostsController#index as HTML
  Rendering layout layouts/application.html.erb
  Rendering posts/index.html.erb within layouts/application
  Rendered posts/index.html.erb within layouts/application (Duration: 13.5ms | Allocations: 258)
[Webpacker] Everything's up-to-date. Nothing to do
  Rendered layout layouts/application.html.erb (Duration: 581.0ms | Allocations: 23735)
Completed 200 OK in 678ms (Views: 616.0ms | ActiveRecord: 0.0ms | Allocations: 26665)


Started GET "/posts/index" for ::1 at 2021-07-15 14:31:59 +0900
Processing by PostsController#index as HTML
  Rendering layout layouts/application.html.erb
  Rendering posts/index.html.erb within layouts/application
  Rendered posts/index.html.erb within layouts/application (Duration: 8.8ms | Allocations: 197)
[Webpacker] Everything's up-to-date. Nothing to do
  Rendered layout layouts/application.html.erb (Duration: 54.7ms | Allocations: 4532)
Completed 200 OK in 62ms (Views: 59.6ms | ActiveRecord: 0.0ms | Allocations: 5785)


Started GET "/posts/index" for ::1 at 2021-07-15 14:32:10 +0900
Processing by PostsController#index as HTML
  Rendering layout layouts/application.html.erb
  Rendering posts/index.html.erb within layouts/application
  Rendered posts/index.html.erb within layouts/application (Duration: 7.8ms | Allocations: 188)
[Webpacker] Everything's up-to-date. Nothing to do
  Rendered layout layouts/application.html.erb (Duration: 74.1ms | Allocations: 4521)
Completed 200 OK in 83ms (Views: 79.7ms | ActiveRecord: 0.0ms | Allocations: 5765)


Started GET "/posts/index" for ::1 at 2021-07-15 14:32:30 +0900
Processing by PostsController#index as HTML
  Rendering layout layouts/application.html.erb
  Rendering posts/index.html.erb within layouts/application
  Rendered posts/index.html.erb within layouts/application (Duration: 7.2ms | Allocations: 188)
[Webpacker] Everything's up-to-date. Nothing to do
  Rendered layout layouts/application.html.erb (Duration: 48.5ms | Allocations: 4523)
Completed 200 OK in 56ms (Views: 54.0ms | ActiveRecord: 0.0ms | Allocations: 5771)


Started GET "/posts/index" for ::1 at 2021-07-15 14:32:31 +0900
Processing by PostsController#index as HTML
  Rendering layout layouts/application.html.erb
  Rendering posts/index.html.erb within layouts/application
  Rendered posts/index.html.erb within layouts/application (Duration: 0.1ms | Allocations: 39)
[Webpacker] Everything's up-to-date. Nothing to do
  Rendered layout layouts/application.html.erb (Duration: 42.5ms | Allocations: 4195)
Completed 200 OK in 44ms (Views: 43.8ms | ActiveRecord: 0.0ms | Allocations: 4690)


Started GET "/posts/index" for ::1 at 2021-07-15 14:32:31 +0900
Processing by PostsController#index as HTML
  Rendering layout layouts/application.html.erb
  Rendering posts/index.html.erb within layouts/application
  Rendered posts/index.html.erb within layouts/application (Duration: 0.1ms | Allocations: 39)
[Webpacker] Everything's up-to-date. Nothing to do
  Rendered layout layouts/application.html.erb (Duration: 51.9ms | Allocations: 4197)
Completed 200 OK in 54ms (Views: 53.8ms | ActiveRecord: 0.0ms | Allocations: 4692)


Started GET "/posts/index" for ::1 at 2021-07-15 14:32:31 +0900
Processing by PostsController#index as HTML
  Rendering layout layouts/application.html.erb
  Rendering posts/index.html.erb within layouts/application
  Rendered posts/index.html.erb within layouts/application (Duration: 0.1ms | Allocations: 39)
[Webpacker] Everything's up-to-date. Nothing to do
  Rendered layout layouts/application.html.erb (Duration: 62.1ms | Allocations: 4193)
Completed 200 OK in 64ms (Views: 63.3ms | ActiveRecord: 0.0ms | Allocations: 4684)


Started GET "/posts/index" for ::1 at 2021-07-15 14:33:01 +0900
Processing by PostsController#index as HTML
  Rendering layout layouts/application.html.erb
  Rendering posts/index.html.erb within layouts/application
  Rendered posts/index.html.erb within layouts/application (Duration: 6.4ms | Allocations: 193)
[Webpacker] Everything's up-to-date. Nothing to do
  Rendered layout layouts/application.html.erb (Duration: 56.4ms | Allocations: 4529)
Completed 200 OK in 64ms (Views: 61.8ms | ActiveRecord: 0.0ms | Allocations: 5778)


Started GET "/posts/index" for ::1 at 2021-07-15 14:38:40 +0900
Processing by PostsController#index as HTML
  Rendering layout layouts/application.html.erb
  Rendering posts/index.html.erb within layouts/application
  Rendered posts/index.html.erb within layouts/application (Duration: 60.1ms | Allocations: 6663)
  Rendered layout layouts/application.html.erb (Duration: 60.9ms | Allocations: 6748)
Completed 500 Internal Server Error in 69ms (Allocations: 7969)


  
ActionView::Template::Error (undefined local variable or method `posts' for #<ActionView::Base:0x00024c4b523ea8>
Did you mean?  post):
    16: 
    17: <div class="main posts-index">
    18:   <div class="container">
    19:   <% posts.each do |post| %>
    20:     <div class="posts-index-item">
    21:     <%= posts %>
    22:     </div>
  
app/views/posts/index.html.erb:19
Started GET "/posts/index" for ::1 at 2021-07-15 14:41:39 +0900
Processing by PostsController#index as HTML
  Rendering layout layouts/application.html.erb
  Rendering posts/index.html.erb within layouts/application
  Rendered posts/index.html.erb within layouts/application (Duration: 6.1ms | Allocations: 219)
[Webpacker] Everything's up-to-date. Nothing to do
  Rendered layout layouts/application.html.erb (Duration: 47.0ms | Allocations: 4584)
Completed 200 OK in 55ms (Views: 52.5ms | Allocations: 5848)


Started GET "/posts/index" for ::1 at 2021-07-15 14:42:40 +0900
Processing by PostsController#index as HTML
  Rendering layout layouts/application.html.erb
  Rendering posts/index.html.erb within layouts/application
  Rendered posts/index.html.erb within layouts/application (Duration: 7.0ms | Allocations: 224)
[Webpacker] Everything's up-to-date. Nothing to do
  Rendered layout layouts/application.html.erb (Duration: 53.8ms | Allocations: 4560)
Completed 200 OK in 62ms (Views: 59.4ms | Allocations: 5810)


Started GET "/posts/index" for ::1 at 2021-07-15 14:42:53 +0900
Processing by PostsController#index as HTML
  Rendering layout layouts/application.html.erb
  Rendering posts/index.html.erb within layouts/application
  Rendered posts/index.html.erb within layouts/application (Duration: 6.1ms | Allocations: 1162)
  Rendered layout layouts/application.html.erb (Duration: 6.9ms | Allocations: 1248)
Completed 500 Internal Server Error in 14ms (Allocations: 2471)


  
ActionView::SyntaxErrorInTemplate (Encountered a syntax error while rendering template: check <% 
posts = [
    "kyoukara".
    "yuugoga"
]
%>

<header>
  <div class="header-logo">
    <a href="/">TweetApp</a>
  </div>
  <ul class="header-menus">
    <li>
      <a href="/about">TweetAppとは</a>
    </li>
  </ul>
</header>

<div class="main posts-index">
  <div class="container">
  <% posts.each do |post| %>
    <div class="posts-index-item">
    <%= posts %>
    </div>
    <% end %>
  </div>
</div>
):
1:    <% 
2:    posts = [
3:        "kyoukara".
4:        "yuugoga"
5:    ]
6:    %>
7:    
8:    <header>
9:      <div class="header-logo">
10:        <a href="/">TweetApp</a>
11:      </div>
12:      <ul class="header-menus">
13:        <li>
14:          <a href="/about">TweetAppとは</a>
15:        </li>
16:      </ul>
17:    </header>
18:    
19:    <div class="main posts-index">
20:      <div class="container">
21:      <% posts.each do |post| %>
22:        <div class="posts-index-item">
23:        <%= posts %>
24:        </div>
25:        <% end %>
26:      </div>
27:    </div>
  
app/views/posts/index.html.erb:4: syntax error, unexpected tSTRING_BEG
app/views/posts/index.html.erb:5: syntax error, unexpected ']', expecting end
app/views/posts/index.html.erb:4: syntax error, unexpected tSTRING_BEG
app/views/posts/index.html.erb:5: syntax error, unexpected ']', expecting end
app/views/posts/index.html.erb:4: syntax error, unexpected tSTRING_BEG
app/views/posts/index.html.erb:5: syntax error, unexpected ']', expecting end
app/views/posts/index.html.erb:4: syntax error, unexpected tSTRING_BEG
app/views/posts/index.html.erb:5: syntax error, unexpected ']', expecting end
app/views/posts/index.html.erb:4: syntax error, unexpected tSTRING_BEG
app/views/posts/index.html.erb:5: syntax error, unexpected ']', expecting end
app/views/posts/index.html.erb:4: syntax error, unexpected tSTRING_BEG
app/views/posts/index.html.erb:5: syntax error, unexpected ']', expecting end
Started GET "/posts/index" for ::1 at 2021-07-15 14:43:37 +0900
Processing by PostsController#index as HTML
  Rendering layout layouts/application.html.erb
  Rendering posts/index.html.erb within layouts/application
  Rendered posts/index.html.erb within layouts/application (Duration: 7.9ms | Allocations: 210)
[Webpacker] Everything's up-to-date. Nothing to do
  Rendered layout layouts/application.html.erb (Duration: 48.8ms | Allocations: 4545)
Completed 200 OK in 56ms (Views: 53.7ms | Allocations: 5796)


Started GET "/posts/index" for ::1 at 2021-07-15 14:51:15 +0900
Processing by PostsController#index as HTML
  Rendering layout layouts/application.html.erb
  Rendering posts/index.html.erb within layouts/application
  Rendered posts/index.html.erb within layouts/application (Duration: 5.0ms | Allocations: 1489)
  Rendered layout layouts/application.html.erb (Duration: 5.8ms | Allocations: 1574)
Completed 500 Internal Server Error in 14ms (Allocations: 2806)


  
ActionView::Template::Error (undefined method `each' for nil:NilClass):
    12: 
    13: <div class="main posts-index">
    14:   <div class="container">
    15:   <% @post.each do |post| %>
    16:     <div class="posts-index-item">
    17:     <%= post %>
    18:     </div>
  
app/views/posts/index.html.erb:15
Started GET "/posts/index" for ::1 at 2021-07-15 14:52:11 +0900
Processing by PostsController#index as HTML
  Rendering layout layouts/application.html.erb
  Rendering posts/index.html.erb within layouts/application
  Rendered posts/index.html.erb within layouts/application (Duration: 4.8ms | Allocations: 195)
[Webpacker] Everything's up-to-date. Nothing to do
  Rendered layout layouts/application.html.erb (Duration: 57.2ms | Allocations: 4509)
Completed 200 OK in 64ms (Views: 62.2ms | Allocations: 5769)


Started GET "/posts/index" for ::1 at 2021-07-15 14:55:28 +0900
  [1m[35m (0.6ms)[0m  [1m[34mSELECT sqlite_version(*)[0m
  [1m[35m (158.5ms)[0m  [1m[35mCREATE TABLE "schema_migrations" ("version" varchar NOT NULL PRIMARY KEY)[0m
  [1m[35m (75.2ms)[0m  [1m[35mCREATE TABLE "ar_internal_metadata" ("key" varchar NOT NULL PRIMARY KEY, "value" varchar, "created_at" datetime(6) NOT NULL, "updated_at" datetime(6) NOT NULL)[0m
  [1m[35m (0.3ms)[0m  [1m[34mSELECT "schema_migrations"."version" FROM "schema_migrations" ORDER BY "schema_migrations"."version" ASC[0m
  
ActiveRecord::PendingMigrationError (

Migrations are pending. To resolve this issue, run:

        bin/rails db:migrate RAILS_ENV=development

You have 1 pending migration:

20210715055358_create_posts.rb


):
  
activerecord (6.1.4) lib/active_record/migration.rb:625:in `check_pending!'
activerecord (6.1.4) lib/active_record/migration.rb:590:in `block (2 levels) in call'
activesupport (6.1.4) lib/active_support/file_update_checker.rb:83:in `execute'
activerecord (6.1.4) lib/active_record/migration.rb:595:in `block in call'
activerecord (6.1.4) lib/active_record/migration.rb:587:in `synchronize'
activerecord (6.1.4) lib/active_record/migration.rb:587:in `call'
actionpack (6.1.4) lib/action_dispatch/middleware/callbacks.rb:27:in `block in call'
activesupport (6.1.4) lib/active_support/callbacks.rb:98:in `run_callbacks'
actionpack (6.1.4) lib/action_dispatch/middleware/callbacks.rb:26:in `call'
actionpack (6.1.4) lib/action_dispatch/middleware/executor.rb:14:in `call'
actionpack (6.1.4) lib/action_dispatch/middleware/actionable_exceptions.rb:18:in `call'
actionpack (6.1.4) lib/action_dispatch/middleware/debug_exceptions.rb:29:in `call'
web-console (4.1.0) lib/web_console/middleware.rb:132:in `call_app'
web-console (4.1.0) lib/web_console/middleware.rb:28:in `block in call'
web-console (4.1.0) lib/web_console/middleware.rb:17:in `catch'
web-console (4.1.0) lib/web_console/middleware.rb:17:in `call'
actionpack (6.1.4) lib/action_dispatch/middleware/show_exceptions.rb:33:in `call'
railties (6.1.4) lib/rails/rack/logger.rb:37:in `call_app'
railties (6.1.4) lib/rails/rack/logger.rb:26:in `block in call'
activesupport (6.1.4) lib/active_support/tagged_logging.rb:99:in `block in tagged'
activesupport (6.1.4) lib/active_support/tagged_logging.rb:37:in `tagged'
activesupport (6.1.4) lib/active_support/tagged_logging.rb:99:in `tagged'
railties (6.1.4) lib/rails/rack/logger.rb:26:in `call'
sprockets-rails (3.2.2) lib/sprockets/rails/quiet_assets.rb:13:in `call'
actionpack (6.1.4) lib/action_dispatch/middleware/remote_ip.rb:81:in `call'
actionpack (6.1.4) lib/action_dispatch/middleware/request_id.rb:26:in `call'
rack (2.2.3) lib/rack/method_override.rb:24:in `call'
rack (2.2.3) lib/rack/runtime.rb:22:in `call'
activesupport (6.1.4) lib/active_support/cache/strategy/local_cache_middleware.rb:29:in `call'
actionpack (6.1.4) lib/action_dispatch/middleware/executor.rb:14:in `call'
actionpack (6.1.4) lib/action_dispatch/middleware/static.rb:24:in `call'
rack (2.2.3) lib/rack/sendfile.rb:110:in `call'
actionpack (6.1.4) lib/action_dispatch/middleware/host_authorization.rb:98:in `call'
rack-mini-profiler (2.3.2) lib/mini_profiler/profiler.rb:384:in `call'
webpacker (5.4.0) lib/webpacker/dev_server_proxy.rb:25:in `perform_request'
rack-proxy (0.7.0) lib/rack/proxy.rb:63:in `call'
railties (6.1.4) lib/rails/engine.rb:539:in `call'
puma (5.3.2) lib/puma/configuration.rb:249:in `call'
puma (5.3.2) lib/puma/request.rb:77:in `block in handle_request'
puma (5.3.2) lib/puma/thread_pool.rb:338:in `with_force_shutdown'
puma (5.3.2) lib/puma/request.rb:76:in `handle_request'
puma (5.3.2) lib/puma/server.rb:438:in `process_client'
puma (5.3.2) lib/puma/thread_pool.rb:145:in `block in spawn_thread'
Started GET "/posts/index" for ::1 at 2021-07-15 14:55:30 +0900
  [1m[35m (0.2ms)[0m  [1m[34mSELECT "schema_migrations"."version" FROM "schema_migrations" ORDER BY "schema_migrations"."version" ASC[0m
  [1m[35mCACHE  (0.0ms)[0m  [1m[34mSELECT "schema_migrations"."version" FROM "schema_migrations" ORDER BY "schema_migrations"."version" ASC[0m
  
ActiveRecord::PendingMigrationError (

Migrations are pending. To resolve this issue, run:

        bin/rails db:migrate RAILS_ENV=development

You have 1 pending migration:

20210715055358_create_posts.rb


):
  
activerecord (6.1.4) lib/active_record/migration.rb:625:in `check_pending!'
activerecord (6.1.4) lib/active_record/migration.rb:590:in `block (2 levels) in call'
activesupport (6.1.4) lib/active_support/file_update_checker.rb:83:in `execute'
activerecord (6.1.4) lib/active_record/migration.rb:595:in `block in call'
activerecord (6.1.4) lib/active_record/migration.rb:587:in `synchronize'
activerecord (6.1.4) lib/active_record/migration.rb:587:in `call'
actionpack (6.1.4) lib/action_dispatch/middleware/callbacks.rb:27:in `block in call'
activesupport (6.1.4) lib/active_support/callbacks.rb:98:in `run_callbacks'
actionpack (6.1.4) lib/action_dispatch/middleware/callbacks.rb:26:in `call'
actionpack (6.1.4) lib/action_dispatch/middleware/executor.rb:14:in `call'
actionpack (6.1.4) lib/action_dispatch/middleware/actionable_exceptions.rb:18:in `call'
actionpack (6.1.4) lib/action_dispatch/middleware/debug_exceptions.rb:29:in `call'
web-console (4.1.0) lib/web_console/middleware.rb:132:in `call_app'
web-console (4.1.0) lib/web_console/middleware.rb:28:in `block in call'
web-console (4.1.0) lib/web_console/middleware.rb:17:in `catch'
web-console (4.1.0) lib/web_console/middleware.rb:17:in `call'
actionpack (6.1.4) lib/action_dispatch/middleware/show_exceptions.rb:33:in `call'
railties (6.1.4) lib/rails/rack/logger.rb:37:in `call_app'
railties (6.1.4) lib/rails/rack/logger.rb:26:in `block in call'
activesupport (6.1.4) lib/active_support/tagged_logging.rb:99:in `block in tagged'
activesupport (6.1.4) lib/active_support/tagged_logging.rb:37:in `tagged'
activesupport (6.1.4) lib/active_support/tagged_logging.rb:99:in `tagged'
railties (6.1.4) lib/rails/rack/logger.rb:26:in `call'
sprockets-rails (3.2.2) lib/sprockets/rails/quiet_assets.rb:13:in `call'
actionpack (6.1.4) lib/action_dispatch/middleware/remote_ip.rb:81:in `call'
actionpack (6.1.4) lib/action_dispatch/middleware/request_id.rb:26:in `call'
rack (2.2.3) lib/rack/method_override.rb:24:in `call'
rack (2.2.3) lib/rack/runtime.rb:22:in `call'
activesupport (6.1.4) lib/active_support/cache/strategy/local_cache_middleware.rb:29:in `call'
actionpack (6.1.4) lib/action_dispatch/middleware/executor.rb:14:in `call'
actionpack (6.1.4) lib/action_dispatch/middleware/static.rb:24:in `call'
rack (2.2.3) lib/rack/sendfile.rb:110:in `call'
actionpack (6.1.4) lib/action_dispatch/middleware/host_authorization.rb:98:in `call'
rack-mini-profiler (2.3.2) lib/mini_profiler/profiler.rb:384:in `call'
webpacker (5.4.0) lib/webpacker/dev_server_proxy.rb:25:in `perform_request'
rack-proxy (0.7.0) lib/rack/proxy.rb:63:in `call'
railties (6.1.4) lib/rails/engine.rb:539:in `call'
puma (5.3.2) lib/puma/configuration.rb:249:in `call'
puma (5.3.2) lib/puma/request.rb:77:in `block in handle_request'
puma (5.3.2) lib/puma/thread_pool.rb:338:in `with_force_shutdown'
puma (5.3.2) lib/puma/request.rb:76:in `handle_request'
puma (5.3.2) lib/puma/server.rb:438:in `process_client'
puma (5.3.2) lib/puma/thread_pool.rb:145:in `block in spawn_thread'
  [1m[35m (0.5ms)[0m  [1m[34mSELECT sqlite_version(*)[0m
  [1m[35m (0.2ms)[0m  [1m[34mSELECT "schema_migrations"."version" FROM "schema_migrations" ORDER BY "schema_migrations"."version" ASC[0m
Migrating to CreatePosts (20210715055358)
  [1m[36mTRANSACTION (0.1ms)[0m  [1m[36mbegin transaction[0m
  [1m[35m (1.0ms)[0m  [1m[35mCREATE TABLE "posts" ("id" integer PRIMARY KEY AUTOINCREMENT NOT NULL, "content" text, "created_at" datetime(6) NOT NULL, "updated_at" datetime(6) NOT NULL)[0m
  [1m[36mActiveRecord::SchemaMigration Create (0.1ms)[0m  [1m[32mINSERT INTO "schema_migrations" ("version") VALUES (?)[0m  [["version", "20210715055358"]]
  [1m[36mTRANSACTION (101.5ms)[0m  [1m[36mcommit transaction[0m
  [1m[36mActiveRecord::InternalMetadata Load (0.3ms)[0m  [1m[34mSELECT "ar_internal_metadata".* FROM "ar_internal_metadata" WHERE "ar_internal_metadata"."key" = ? LIMIT ?[0m  [["key", "environment"], ["LIMIT", 1]]
  [1m[36mTRANSACTION (0.1ms)[0m  [1m[36mbegin transaction[0m
  [1m[36mActiveRecord::InternalMetadata Create (0.9ms)[0m  [1m[32mINSERT INTO "ar_internal_metadata" ("key", "value", "created_at", "updated_at") VALUES (?, ?, ?, ?)[0m  [["key", "environment"], ["value", "development"], ["created_at", "2021-07-15 05:55:59.071825"], ["updated_at", "2021-07-15 05:55:59.071825"]]
  [1m[36mTRANSACTION (82.0ms)[0m  [1m[36mcommit transaction[0m
  [1m[35m (0.2ms)[0m  [1m[34mSELECT sqlite_version(*)[0m
  [1m[35m (1.0ms)[0m  [1m[34mSELECT "schema_migrations"."version" FROM "schema_migrations" ORDER BY "schema_migrations"."version" ASC[0m
  [1m[35m (0.5ms)[0m  [1m[34mSELECT sqlite_version(*)[0m
  [1m[36mTRANSACTION (0.0ms)[0m  [1m[36mbegin transaction[0m
  [1m[36mPost Create (1.4ms)[0m  [1m[32mINSERT INTO "posts" ("content", "created_at", "updated_at") VALUES (?, ?, ?)[0m  [["content", "Hello world"], ["created_at", "2021-07-15 06:24:05.705378"], ["updated_at", "2021-07-15 06:24:05.705378"]]
  [1m[36mTRANSACTION (109.6ms)[0m  [1m[36mcommit transaction[0m
  [1m[36mTRANSACTION (0.0ms)[0m  [1m[36mbegin transaction[0m
  [1m[36mPost Create (1.0ms)[0m  [1m[32mINSERT INTO "posts" ("content", "created_at", "updated_at") VALUES (?, ?, ?)[0m  [["content", "yugo"], ["created_at", "2021-07-15 06:25:23.657858"], ["updated_at", "2021-07-15 06:25:23.657858"]]
  [1m[36mTRANSACTION (85.9ms)[0m  [1m[36mcommit transaction[0m
  [1m[35m (0.5ms)[0m  [1m[34mSELECT sqlite_version(*)[0m
  [1m[36mPost Load (0.2ms)[0m  [1m[34mSELECT "posts".* FROM "posts" ORDER BY "posts"."id" ASC LIMIT ?[0m  [["LIMIT", 1]]
  [1m[36mPost Load (0.4ms)[0m  [1m[34mSELECT "posts".* FROM "posts" /* loading for inspect */ LIMIT ?[0m  [["LIMIT", 11]]
  [1m[36mPost Load (0.3ms)[0m  [1m[34mSELECT "posts".* FROM "posts"[0m
Started GET "/posts/index" for ::1 at 2021-07-15 16:34:27 +0900
  [1m[35m (0.6ms)[0m  [1m[34mSELECT sqlite_version(*)[0m
  [1m[35m (0.3ms)[0m  [1m[34mSELECT "schema_migrations"."version" FROM "schema_migrations" ORDER BY "schema_migrations"."version" ASC[0m
Processing by PostsController#index as HTML
  Rendering layout layouts/application.html.erb
  Rendering posts/index.html.erb within layouts/application
  [1m[36mPost Load (0.3ms)[0m  [1m[34mSELECT "posts".* FROM "posts"[0m
  ↳ app/views/posts/index.html.erb:15
  Rendered posts/index.html.erb within layouts/application (Duration: 8.1ms | Allocations: 3995)
[Webpacker] Everything's up-to-date. Nothing to do
  Rendered layout layouts/application.html.erb (Duration: 71.1ms | Allocations: 11523)
Completed 200 OK in 91ms (Views: 75.9ms | ActiveRecord: 1.4ms | Allocations: 14761)


Started GET "/posts/index" for ::1 at 2021-07-15 16:35:30 +0900
Processing by PostsController#index as HTML
  Rendering layout layouts/application.html.erb
  Rendering posts/index.html.erb within layouts/application
  [1m[36mPost Load (0.3ms)[0m  [1m[34mSELECT "posts".* FROM "posts"[0m
  ↳ app/views/posts/index.html.erb:15
  Rendered posts/index.html.erb within layouts/application (Duration: 7.8ms | Allocations: 893)
[Webpacker] Everything's up-to-date. Nothing to do
  Rendered layout layouts/application.html.erb (Duration: 51.1ms | Allocations: 5228)
Completed 200 OK in 58ms (Views: 56.1ms | ActiveRecord: 0.3ms | Allocations: 6495)


Started GET "/post/1" for ::1 at 2021-07-16 20:32:29 +0900
  [1m[35m (11.0ms)[0m  [1m[34mSELECT sqlite_version(*)[0m
  [1m[35m (0.4ms)[0m  [1m[34mSELECT "schema_migrations"."version" FROM "schema_migrations" ORDER BY "schema_migrations"."version" ASC[0m
  
ActionController::RoutingError (No route matches [GET] "/post/1"):
  
Started GET "/posts/1" for ::1 at 2021-07-16 20:33:24 +0900
  
ActionController::RoutingError (No route matches [GET] "/posts/1"):
  
Started GET "/posts/1" for ::1 at 2021-07-16 20:33:31 +0900
  
ActionController::RoutingError (No route matches [GET] "/posts/1"):
  
Started GET "/posts/1" for ::1 at 2021-07-16 20:34:16 +0900
  
SyntaxError (E:/work/english_word/app/controllers/posts_controller.rb:8: syntax error, unexpected end-of-input, expecting end):
  
app/controllers/posts_controller.rb:8: syntax error, unexpected end-of-input, expecting end
app/controllers/posts_controller.rb:8: syntax error, unexpected end-of-input, expecting end
app/controllers/posts_controller.rb:8: syntax error, unexpected end-of-input, expecting end
Started GET "/posts/1" for ::1 at 2021-07-16 20:34:18 +0900
  
SyntaxError (E:/work/english_word/app/controllers/posts_controller.rb:8: syntax error, unexpected end-of-input, expecting end):
  
app/controllers/posts_controller.rb:8: syntax error, unexpected end-of-input, expecting end
app/controllers/posts_controller.rb:8: syntax error, unexpected end-of-input, expecting end
app/controllers/posts_controller.rb:8: syntax error, unexpected end-of-input, expecting end
Started GET "/posts/1" for ::1 at 2021-07-16 20:34:40 +0900
Processing by PostsController#show as HTML
  Parameters: {"id"=>"1"}
Completed 500 Internal Server Error in 64ms (Allocations: 3566)


  
NameError (undefined local variable or method `paras' for #<PostsController:0x00021022c76cb0>
Did you mean?  params
               params=):
  
app/controllers/posts_controller.rb:7:in `show'
Started GET "/posts/1" for ::1 at 2021-07-16 20:38:29 +0900
Processing by PostsController#show as HTML
  Parameters: {"id"=>"1"}
Completed 500 Internal Server Error in 4ms (Allocations: 2590)


  
NameError (undefined local variable or method `paras' for #<PostsController:0x00021021f3a8d0>
Did you mean?  params
               params=):
  
app/controllers/posts_controller.rb:7:in `show'
Started GET "/posts/1" for ::1 at 2021-07-16 20:39:29 +0900
Processing by PostsController#show as HTML
  Parameters: {"id"=>"1"}
Completed 500 Internal Server Error in 4ms (Allocations: 2591)


  
NameError (undefined local variable or method `paras' for #<PostsController:0x00021022920570>
Did you mean?  params
               params=):
  
app/controllers/posts_controller.rb:7:in `show'
Started GET "/posts/1" for ::1 at 2021-07-16 20:39:30 +0900
Processing by PostsController#show as HTML
  Parameters: {"id"=>"1"}
Completed 500 Internal Server Error in 3ms (Allocations: 2365)


  
NameError (undefined local variable or method `paras' for #<PostsController:0x000210225ebd78>
Did you mean?  params
               params=):
  
app/controllers/posts_controller.rb:7:in `show'
Started GET "/posts/1" for ::1 at 2021-07-16 20:40:12 +0900
Processing by PostsController#show as HTML
  Parameters: {"id"=>"1"}
Completed 500 Internal Server Error in 4ms (Allocations: 2591)


  
NameError (undefined local variable or method `paras' for #<PostsController:0x00021022b95260>
Did you mean?  params
               params=):
  
app/controllers/posts_controller.rb:7:in `show'
Started GET "/posts/1" for ::1 at 2021-07-16 20:40:13 +0900
Processing by PostsController#show as HTML
  Parameters: {"id"=>"1"}
Completed 500 Internal Server Error in 3ms (Allocations: 2366)


  
NameError (undefined local variable or method `paras' for #<PostsController:0x00021022b2fd48>
Did you mean?  params
               params=):
  
app/controllers/posts_controller.rb:7:in `show'
Started GET "/posts/1" for ::1 at 2021-07-16 20:40:14 +0900
Processing by PostsController#show as HTML
  Parameters: {"id"=>"1"}
Completed 500 Internal Server Error in 3ms (Allocations: 2365)


  
NameError (undefined local variable or method `paras' for #<PostsController:0x0002102288a548>
Did you mean?  params
               params=):
  
app/controllers/posts_controller.rb:7:in `show'
Started GET "/" for ::1 at 2021-07-16 20:41:24 +0900
Processing by PostsController#index as HTML
  Rendering layout layouts/application.html.erb
  Rendering posts/index.html.erb within layouts/application
  [1m[35m (0.1ms)[0m  [1m[34mSELECT sqlite_version(*)[0m
  ↳ app/views/posts/index.html.erb:15
  [1m[36mPost Load (0.3ms)[0m  [1m[34mSELECT "posts".* FROM "posts"[0m
  ↳ app/views/posts/index.html.erb:15
  Rendered posts/index.html.erb within layouts/application (Duration: 8.9ms | Allocations: 4765)
[Webpacker] Everything's up-to-date. Nothing to do
  Rendered layout layouts/application.html.erb (Duration: 231.4ms | Allocations: 12298)
Completed 200 OK in 240ms (Views: 237.6ms | ActiveRecord: 1.8ms | Allocations: 13642)


Started GET "/" for ::1 at 2021-07-16 20:41:28 +0900
Processing by PostsController#index as HTML
  Rendering layout layouts/application.html.erb
  Rendering posts/index.html.erb within layouts/application
  [1m[36mPost Load (0.3ms)[0m  [1m[34mSELECT "posts".* FROM "posts"[0m
  ↳ app/views/posts/index.html.erb:15
  Rendered posts/index.html.erb within layouts/application (Duration: 2.7ms | Allocations: 737)
[Webpacker] Everything's up-to-date. Nothing to do
  Rendered layout layouts/application.html.erb (Duration: 43.0ms | Allocations: 4893)
Completed 200 OK in 47ms (Views: 45.9ms | ActiveRecord: 0.3ms | Allocations: 5417)


Started GET "/about" for ::1 at 2021-07-16 20:41:29 +0900
Processing by HomeController#about as HTML
  Rendering layout layouts/application.html.erb
  Rendering home/about.html.erb within layouts/application
  Rendered home/about.html.erb within layouts/application (Duration: 4.4ms | Allocations: 133)
[Webpacker] Everything's up-to-date. Nothing to do
  Rendered layout layouts/application.html.erb (Duration: 48.4ms | Allocations: 4288)
Completed 200 OK in 54ms (Views: 52.3ms | ActiveRecord: 0.0ms | Allocations: 5322)


  [1m[35m (0.5ms)[0m  [1m[34mSELECT sqlite_version(*)[0m
  [1m[35m (0.5ms)[0m  [1m[34mSELECT sqlite_version(*)[0m
  [1m[35m (0.5ms)[0m  [1m[34mSELECT "schema_migrations"."version" FROM "schema_migrations" ORDER BY "schema_migrations"."version" ASC[0m
Migrating to CreatePosts (20210716114623)
  [1m[36mTRANSACTION (0.1ms)[0m  [1m[36mbegin transaction[0m
  [1m[35m (0.2ms)[0m  [1m[35mCREATE TABLE "posts" ("id" integer PRIMARY KEY AUTOINCREMENT NOT NULL, "title" varchar, "body" text, "created_at" datetime(6) NOT NULL, "updated_at" datetime(6) NOT NULL)[0m
  [1m[36mTRANSACTION (0.0ms)[0m  [1m[31mrollback transaction[0m
  [1m[35m (0.5ms)[0m  [1m[34mSELECT sqlite_version(*)[0m
  [1m[35m (0.2ms)[0m  [1m[34mSELECT "schema_migrations"."version" FROM "schema_migrations" ORDER BY "schema_migrations"."version" ASC[0m
Migrating to CreatePosts (20210716114623)
  [1m[36mTRANSACTION (0.1ms)[0m  [1m[36mbegin transaction[0m
  [1m[35m (0.2ms)[0m  [1m[35mCREATE TABLE "posts" ("id" integer PRIMARY KEY AUTOINCREMENT NOT NULL, "title" varchar, "body" text, "created_at" datetime(6) NOT NULL, "updated_at" datetime(6) NOT NULL)[0m
  [1m[36mTRANSACTION (0.0ms)[0m  [1m[31mrollback transaction[0m
  [1m[35m (0.5ms)[0m  [1m[34mSELECT sqlite_version(*)[0m
  [1m[35m (0.2ms)[0m  [1m[34mSELECT "schema_migrations"."version" FROM "schema_migrations" ORDER BY "schema_migrations"."version" ASC[0m
  [1m[35m (0.6ms)[0m  [1m[34mSELECT "ar_internal_metadata"."value" FROM "ar_internal_metadata" WHERE "ar_internal_metadata"."key" = ?[0m  [["key", "environment"]]
  [1m[35m (0.3ms)[0m  [1m[34mSELECT "schema_migrations"."version" FROM "schema_migrations" ORDER BY "schema_migrations"."version" ASC[0m
  [1m[35m (0.3ms)[0m  [1m[34mSELECT "ar_internal_metadata"."value" FROM "ar_internal_metadata" WHERE "ar_internal_metadata"."key" = ?[0m  [["key", "environment"]]
  [1m[35m (0.3ms)[0m  [1m[34mSELECT "schema_migrations"."version" FROM "schema_migrations" ORDER BY "schema_migrations"."version" ASC[0m
  [1m[35m (0.2ms)[0m  [1m[34mSELECT "ar_internal_metadata"."value" FROM "ar_internal_metadata" WHERE "ar_internal_metadata"."key" = ?[0m  [["key", "environment"]]
  [1m[35m (0.5ms)[0m  [1m[34mSELECT sqlite_version(*)[0m
  [1m[35m (159.8ms)[0m  [1m[35mCREATE TABLE "schema_migrations" ("version" varchar NOT NULL PRIMARY KEY)[0m
  [1m[35m (115.7ms)[0m  [1m[35mCREATE TABLE "ar_internal_metadata" ("key" varchar NOT NULL PRIMARY KEY, "value" varchar, "created_at" datetime(6) NOT NULL, "updated_at" datetime(6) NOT NULL)[0m
  [1m[35m (0.2ms)[0m  [1m[34mSELECT "schema_migrations"."version" FROM "schema_migrations" ORDER BY "schema_migrations"."version" ASC[0m
Migrating to CreatePosts (20210716114623)
  [1m[36mTRANSACTION (0.0ms)[0m  [1m[36mbegin transaction[0m
  [1m[35m (0.9ms)[0m  [1m[35mCREATE TABLE "posts" ("id" integer PRIMARY KEY AUTOINCREMENT NOT NULL, "title" varchar, "body" text, "created_at" datetime(6) NOT NULL, "updated_at" datetime(6) NOT NULL)[0m
  [1m[36mActiveRecord::SchemaMigration Create (0.1ms)[0m  [1m[32mINSERT INTO "schema_migrations" ("version") VALUES (?)[0m  [["version", "20210716114623"]]
  [1m[36mTRANSACTION (151.5ms)[0m  [1m[36mcommit transaction[0m
  [1m[36mActiveRecord::InternalMetadata Load (1.1ms)[0m  [1m[34mSELECT "ar_internal_metadata".* FROM "ar_internal_metadata" WHERE "ar_internal_metadata"."key" = ? LIMIT ?[0m  [["key", "environment"], ["LIMIT", 1]]
  [1m[36mTRANSACTION (0.1ms)[0m  [1m[36mbegin transaction[0m
  [1m[36mActiveRecord::InternalMetadata Create (1.6ms)[0m  [1m[32mINSERT INTO "ar_internal_metadata" ("key", "value", "created_at", "updated_at") VALUES (?, ?, ?, ?)[0m  [["key", "environment"], ["value", "development"], ["created_at", "2021-07-16 11:56:18.795524"], ["updated_at", "2021-07-16 11:56:18.795524"]]
  [1m[36mTRANSACTION (144.6ms)[0m  [1m[36mcommit transaction[0m
  [1m[35m (0.1ms)[0m  [1m[34mSELECT sqlite_version(*)[0m
  [1m[35m (0.2ms)[0m  [1m[34mSELECT "schema_migrations"."version" FROM "schema_migrations" ORDER BY "schema_migrations"."version" ASC[0m
  [1m[35m (0.5ms)[0m  [1m[34mSELECT sqlite_version(*)[0m
  [1m[36mTRANSACTION (0.1ms)[0m  [1m[36mbegin transaction[0m
  [1m[36mPost Create (1.0ms)[0m  [1m[32mINSERT INTO "posts" ("title", "body", "created_at", "updated_at") VALUES (?, ?, ?, ?)[0m  [["title", "yugo"], ["body", "Heloo"], ["created_at", "2021-07-16 11:59:33.393027"], ["updated_at", "2021-07-16 11:59:33.393027"]]
  [1m[36mTRANSACTION (113.3ms)[0m  [1m[36mcommit transaction[0m
Started GET "/posts/1" for ::1 at 2021-07-16 21:02:27 +0900
  [1m[35m (0.5ms)[0m  [1m[34mSELECT sqlite_version(*)[0m
  [1m[35m (0.2ms)[0m  [1m[34mSELECT "schema_migrations"."version" FROM "schema_migrations" ORDER BY "schema_migrations"."version" ASC[0m
Processing by PostsController#show as HTML
  Parameters: {"id"=>"1"}
  [1m[36mPost Load (0.2ms)[0m  [1m[34mSELECT "posts".* FROM "posts" WHERE "posts"."id" = ? LIMIT ?[0m  [["id", 1], ["LIMIT", 1]]
  ↳ app/controllers/posts_controller.rb:7:in `show'
  Rendering layout layouts/application.html.erb
  Rendering posts/show.html.erb within layouts/application
  Rendered posts/show.html.erb within layouts/application (Duration: 4.7ms | Allocations: 274)
[Webpacker] Everything's up-to-date. Nothing to do
  Rendered layout layouts/application.html.erb (Duration: 65.9ms | Allocations: 7802)
Completed 200 OK in 91ms (Views: 72.7ms | ActiveRecord: 1.2ms | Allocations: 15584)


Started GET "/posts/1" for ::1 at 2021-07-16 21:08:18 +0900
Processing by PostsController#show as HTML
  Parameters: {"id"=>"1"}
  [1m[36mPost Load (0.3ms)[0m  [1m[34mSELECT "posts".* FROM "posts" WHERE "posts"."id" = ? LIMIT ?[0m  [["id", 1], ["LIMIT", 1]]
  ↳ app/controllers/posts_controller.rb:7:in `show'
  Rendering layout layouts/application.html.erb
  Rendering posts/show.html.erb within layouts/application
  Rendered posts/show.html.erb within layouts/application (Duration: 0.4ms | Allocations: 141)
[Webpacker] Everything's up-to-date. Nothing to do
  Rendered layout layouts/application.html.erb (Duration: 47.0ms | Allocations: 4477)
Completed 200 OK in 57ms (Views: 51.8ms | ActiveRecord: 0.3ms | Allocations: 6346)


Started GET "/posts/1" for ::1 at 2021-07-16 21:08:19 +0900
Processing by PostsController#show as HTML
  Parameters: {"id"=>"1"}
  [1m[36mPost Load (0.3ms)[0m  [1m[34mSELECT "posts".* FROM "posts" WHERE "posts"."id" = ? LIMIT ?[0m  [["id", 1], ["LIMIT", 1]]
  ↳ app/controllers/posts_controller.rb:7:in `show'
  Rendering layout layouts/application.html.erb
  Rendering posts/show.html.erb within layouts/application
  Rendered posts/show.html.erb within layouts/application (Duration: 0.1ms | Allocations: 39)
[Webpacker] Everything's up-to-date. Nothing to do
  Rendered layout layouts/application.html.erb (Duration: 50.2ms | Allocations: 4194)
Completed 200 OK in 54ms (Views: 50.9ms | ActiveRecord: 0.3ms | Allocations: 5294)


Started GET "/posts/" for ::1 at 2021-07-16 21:08:27 +0900
Processing by PostsController#index as HTML
  Rendering layout layouts/application.html.erb
  Rendering posts/index.html.erb within layouts/application
  [1m[36mPost Load (0.3ms)[0m  [1m[34mSELECT "posts".* FROM "posts"[0m
  ↳ app/views/posts/index.html.erb:15
  Rendered posts/index.html.erb within layouts/application (Duration: 46.2ms | Allocations: 6631)
  Rendered layout layouts/application.html.erb (Duration: 47.0ms | Allocations: 6717)
Completed 500 Internal Server Error in 50ms (ActiveRecord: 0.3ms | Allocations: 7348)


  
ActionView::Template::Error (undefined method `content' for #<Post:0x00000215c30c8610>):
    15:   <% @posts.each do |post| %>
    16:     <div class="posts-index-item">
    17:     <a href="/posts/<%= post.id %>">
    18:     <%= post.content %>
    19:     </div>
    20:     <% end %>
    21:   </div>
  
app/views/posts/index.html.erb:18
app/views/posts/index.html.erb:15
Started GET "/posts/" for ::1 at 2021-07-16 21:08:51 +0900
Processing by PostsController#index as HTML
  Rendering layout layouts/application.html.erb
  Rendering posts/index.html.erb within layouts/application
  [1m[36mPost Load (0.3ms)[0m  [1m[34mSELECT "posts".* FROM "posts"[0m
  ↳ app/views/posts/index.html.erb:15
  Rendered posts/index.html.erb within layouts/application (Duration: 8.2ms | Allocations: 903)
[Webpacker] Everything's up-to-date. Nothing to do
  Rendered layout layouts/application.html.erb (Duration: 51.5ms | Allocations: 5259)
Completed 200 OK in 58ms (Views: 56.2ms | ActiveRecord: 0.3ms | Allocations: 6550)


Started GET "/posts/1" for ::1 at 2021-07-16 21:08:55 +0900
Processing by PostsController#show as HTML
  Parameters: {"id"=>"1"}
  [1m[36mPost Load (0.3ms)[0m  [1m[34mSELECT "posts".* FROM "posts" WHERE "posts"."id" = ? LIMIT ?[0m  [["id", 1], ["LIMIT", 1]]
  ↳ app/controllers/posts_controller.rb:7:in `show'
  Rendering layout layouts/application.html.erb
  Rendering posts/show.html.erb within layouts/application
  Rendered posts/show.html.erb within layouts/application (Duration: 0.4ms | Allocations: 141)
[Webpacker] Everything's up-to-date. Nothing to do
  Rendered layout layouts/application.html.erb (Duration: 51.4ms | Allocations: 4296)
Completed 200 OK in 57ms (Views: 52.4ms | ActiveRecord: 0.3ms | Allocations: 5547)


